<?xml version="1.0" encoding="UTF-8"?>
<testng-results skipped="0" failed="0" ignored="0" total="1" passed="1">
  <reporter-output>
  </reporter-output>
  <suite name="Default suite" duration-ms="17618" started-at="2020-10-22T12:12:54Z" finished-at="2020-10-22T12:13:12Z">
    <groups>
    </groups>
    <test name="Default test" duration-ms="17618" started-at="2020-10-22T12:12:54Z" finished-at="2020-10-22T12:13:12Z">
      <class name="pom.POM_001">
        <test-method status="PASS" signature="startProcess()[pri:0, instance:pom.POM_001@4034c28c]" name="startProcess" is-config="true" duration-ms="8530" started-at="2020-10-22T17:42:54Z" finished-at="2020-10-22T17:43:03Z">
          <reporter-output>
          </reporter-output>
        </test-method> <!-- startProcess -->
        <test-method status="PASS" signature="login()[pri:0, instance:pom.POM_001@4034c28c]" name="login" duration-ms="9017" started-at="2020-10-22T17:43:03Z" finished-at="2020-10-22T17:43:12Z">
          <reporter-output>
          </reporter-output>
        </test-method> <!-- login -->
        <test-method status="PASS" signature="endProcess()[pri:0, instance:pom.POM_001@4034c28c]" name="endProcess" is-config="true" duration-ms="0" started-at="2020-10-22T17:43:12Z" finished-at="2020-10-22T17:43:12Z">
          <reporter-output>
          </reporter-output>
        </test-method> <!-- endProcess -->
      </class> <!-- pom.POM_001 -->
    </test> <!-- Default test -->
  </suite> <!-- Default suite -->
</testng-results>
