<?xml version="1.0" encoding="UTF-8"?>
<!-- Generated by org.testng.reporters.JUnitXMLReporter -->
<testsuite hostname="DESKTOP-27L8JE7" ignored="0" name="Default test" tests="2" failures="0" timestamp="20 Oct 2020 12:11:49 GMT" time="22.093" errors="0">
  <testcase name="f" time="10.259" classname="excelDataDriven.facebookWithDataProvider">
    <skipped/>
  </testcase> <!-- f -->
  <testcase name="f" time="10.379" classname="excelDataDriven.facebookWithDataProvider"/>
</testsuite> <!-- Default test -->
