<?xml version="1.0" encoding="UTF-8"?>
<!-- Generated by org.testng.reporters.JUnitXMLReporter -->
<testsuite hostname="DESKTOP-27L8JE7" ignored="1" name="Default test" tests="2" failures="0" timestamp="2020-09-25T17:51:10 IST" time="0.11" errors="0">
  <testcase name="f" time="0.016" classname="com.project.September5PMMavenProject.TC_006"/>
  <testcase name="z" time="0.004" classname="com.project.September5PMMavenProject.TC_006"/>
  <testcase name="a" time="0.0" classname="com.project.September5PMMavenProject.TC_006">
    <ignored/>
  </testcase> <!-- a -->
</testsuite> <!-- Default test -->
